<?xml version="1.0" encoding="utf-8"?><testsuites name="pytest tests"><testsuite name="pytest" errors="0" failures="0" skipped="0" tests="12" time="2.750" timestamp="2026-04-17T20:35:12.033690+00:00" hostname="agent-env-d307e71b-6ed9-4045-9530-843f96bb8da0"><testcase classname="backend.tests.test_contact_api.TestAPIRoot" name="test_api_root_returns_200" time="0.229" /><testcase classname="backend.tests.test_contact_api.TestContactEndpoint" name="test_submit_contact_compugrafic_section" time="0.258" /><testcase classname="backend.tests.test_contact_api.TestContactEndpoint" name="test_submit_contact_dp_section" time="0.240" /><testcase classname="backend.tests.test_contact_api.TestContactEndpoint" name="test_submit_contact_without_empresa" time="0.223" /><testcase classname="backend.tests.test_contact_api.TestContactEndpoint" name="test_submit_contact_missing_required_fields" time="0.120" /><testcase classname="backend.tests.test_contact_api.TestContactEndpoint" name="test_submit_contact_invalid_email" time="0.111" /><testcase classname="backend.tests.test_contact_api.TestContactEndpoint" name="test_submit_contact_empty_mensaje" time="0.203" /><testcase classname="backend.tests.test_contact_api.TestContactRetrieval" name="test_get_contacts_returns_list" time="0.110" /><testcase classname="backend.tests.test_contact_api.TestContactRetrieval" name="test_contact_data_structure" time="0.160" /><testcase classname="backend.tests.test_contact_api.TestContactRetrieval" name="test_contact_persistence_after_create" time="0.315" /><testcase classname="backend.tests.test_contact_api.TestSectionSpecificBehavior" name="test_compugrafic_section_default" time="0.376" /><testcase classname="backend.tests.test_contact_api.TestSectionSpecificBehavior" name="test_dp_section_explicit" time="0.329" /></testsuite></testsuites>