<?xml version="1.0" encoding="utf-8"?><testsuites name="pytest tests"><testsuite name="pytest" errors="0" failures="0" skipped="0" tests="12" time="2.927" timestamp="2026-04-18T19:05:17.217863+00:00" hostname="agent-env-d307e71b-6ed9-4045-9530-843f96bb8da0"><testcase classname="backend.tests.test_contact_api.TestAPIRoot" name="test_api_root_returns_200" time="0.291" /><testcase classname="backend.tests.test_contact_api.TestContactEndpoint" name="test_submit_contact_compugrafic_section" time="0.338" /><testcase classname="backend.tests.test_contact_api.TestContactEndpoint" name="test_submit_contact_dp_section" time="0.177" /><testcase classname="backend.tests.test_contact_api.TestContactEndpoint" name="test_submit_contact_without_empresa" time="0.186" /><testcase classname="backend.tests.test_contact_api.TestContactEndpoint" name="test_submit_contact_missing_required_fields" time="0.146" /><testcase classname="backend.tests.test_contact_api.TestContactEndpoint" name="test_submit_contact_invalid_email" time="0.168" /><testcase classname="backend.tests.test_contact_api.TestContactEndpoint" name="test_submit_contact_empty_mensaje" time="0.213" /><testcase classname="backend.tests.test_contact_api.TestContactRetrieval" name="test_get_contacts_returns_list" time="0.129" /><testcase classname="backend.tests.test_contact_api.TestContactRetrieval" name="test_contact_data_structure" time="0.107" /><testcase classname="backend.tests.test_contact_api.TestContactRetrieval" name="test_contact_persistence_after_create" time="0.377" /><testcase classname="backend.tests.test_contact_api.TestSectionSpecificBehavior" name="test_compugrafic_section_default" time="0.405" /><testcase classname="backend.tests.test_contact_api.TestSectionSpecificBehavior" name="test_dp_section_explicit" time="0.311" /></testsuite></testsuites>